<?xml version="1.0" encoding="UTF-8"?>
<!-- Generated by org.testng.reporters.JUnitReportReporter -->
<testsuite hostname="Fahims-MacBook-Pro.local" failures="0" tests="2" name="testtweets.TweetAPITest" time="7.008" errors="0" timestamp="19 Feb 2020 21:19:28 GMT" skipped="0">
  <testcase classname="testtweets.TweetAPITest" name="testUserCannotTweetTheSameTweetTwiceInARow" time="1.689"/>
  <testcase classname="testtweets.TweetAPITest" name="testUserCanTweetSuccessfully" time="5.319"/>
</testsuite> <!-- testtweets.TweetAPITest -->
